c:\users\borys\source\repos\checkers_ai\checkers_ai\x64\debug\vc143.pdb
c:\users\borys\source\repos\checkers_ai\checkers_ai\x64\debug\vc143.idb
c:\users\borys\source\repos\checkers_ai\checkers_ai\x64\debug\piece.obj
c:\users\borys\source\repos\checkers_ai\checkers_ai\x64\debug\main.obj
c:\users\borys\source\repos\checkers_ai\checkers_ai\x64\debug\display.obj
c:\users\borys\source\repos\checkers_ai\checkers_ai\x64\debug\board.obj
c:\users\borys\source\repos\checkers_ai\checkers_ai\x64\debug\ai.obj
c:\users\borys\source\repos\checkers_ai\checkers_ai\x64\debug\checkers_ai.ilk
c:\users\borys\source\repos\checkers_ai\x64\debug\checkers_ai.pdb
c:\users\borys\source\repos\checkers_ai\checkers_ai\x64\debug\checkers_ai.tlog\cl.command.1.tlog
c:\users\borys\source\repos\checkers_ai\checkers_ai\x64\debug\checkers_ai.tlog\cl.items.tlog
c:\users\borys\source\repos\checkers_ai\checkers_ai\x64\debug\checkers_ai.tlog\cl.read.1.tlog
c:\users\borys\source\repos\checkers_ai\checkers_ai\x64\debug\checkers_ai.tlog\cl.write.1.tlog
c:\users\borys\source\repos\checkers_ai\checkers_ai\x64\debug\checkers_ai.tlog\link.12032-cvtres.read.1.tlog
c:\users\borys\source\repos\checkers_ai\checkers_ai\x64\debug\checkers_ai.tlog\link.12032-cvtres.write.1.tlog
c:\users\borys\source\repos\checkers_ai\checkers_ai\x64\debug\checkers_ai.tlog\link.12032-rc.read.1.tlog
c:\users\borys\source\repos\checkers_ai\checkers_ai\x64\debug\checkers_ai.tlog\link.12032-rc.write.1.tlog
c:\users\borys\source\repos\checkers_ai\checkers_ai\x64\debug\checkers_ai.tlog\link.12032.read.1.tlog
c:\users\borys\source\repos\checkers_ai\checkers_ai\x64\debug\checkers_ai.tlog\link.12032.read.2.tlog
c:\users\borys\source\repos\checkers_ai\checkers_ai\x64\debug\checkers_ai.tlog\link.12032.write.1.tlog
c:\users\borys\source\repos\checkers_ai\checkers_ai\x64\debug\checkers_ai.tlog\link.command.1.tlog
c:\users\borys\source\repos\checkers_ai\checkers_ai\x64\debug\checkers_ai.tlog\link.read.1.tlog
c:\users\borys\source\repos\checkers_ai\checkers_ai\x64\debug\checkers_ai.tlog\link.secondary.1.tlog
c:\users\borys\source\repos\checkers_ai\checkers_ai\x64\debug\checkers_ai.tlog\link.write.1.tlog
